mode: set
echo-book/controller/booksController.go:12.47,15.16 2 1
echo-book/controller/booksController.go:18.2,21.4 1 1
echo-book/controller/booksController.go:15.16,17.3 1 0
echo-book/controller/booksController.go:25.46,32.16 3 1
echo-book/controller/booksController.go:38.2,41.4 1 1
echo-book/controller/booksController.go:32.16,36.3 1 0
echo-book/controller/booksController.go:45.49,51.16 4 1
echo-book/controller/booksController.go:54.2,57.4 1 1
echo-book/controller/booksController.go:51.16,53.3 1 0
echo-book/controller/booksController.go:61.49,67.16 3 1
echo-book/controller/booksController.go:74.2,76.4 1 0
echo-book/controller/booksController.go:67.16,72.3 1 1
echo-book/controller/booksController.go:80.49,88.16 5 1
echo-book/controller/booksController.go:92.2,95.4 1 1
echo-book/controller/booksController.go:88.16,90.3 1 0
echo-book/controller/userController.go:14.47,17.16 2 0
echo-book/controller/userController.go:21.2,24.4 1 0
echo-book/controller/userController.go:17.16,19.3 1 0
echo-book/controller/userController.go:28.46,34.16 3 1
echo-book/controller/userController.go:40.2,43.4 1 1
echo-book/controller/userController.go:34.16,38.3 1 0
echo-book/controller/userController.go:47.49,53.16 4 1
echo-book/controller/userController.go:56.2,59.4 1 1
echo-book/controller/userController.go:53.16,55.3 1 0
echo-book/controller/userController.go:63.49,70.16 3 1
echo-book/controller/userController.go:77.2,79.4 1 1
echo-book/controller/userController.go:70.16,75.3 1 0
echo-book/controller/userController.go:83.49,92.16 5 1
echo-book/controller/userController.go:96.2,99.4 1 1
echo-book/controller/userController.go:92.16,94.3 1 0
echo-book/controller/auth.go:15.37,18.42 2 0
echo-book/controller/auth.go:24.2,26.16 2 0
echo-book/controller/auth.go:32.2,34.41 2 0
echo-book/controller/auth.go:18.42,22.3 1 0
echo-book/controller/auth.go:26.16,30.3 1 0
echo-book/controller/auth.go:37.34,40.42 2 1
echo-book/controller/auth.go:46.2,48.16 2 1
echo-book/controller/auth.go:54.2,56.17 2 1
echo-book/controller/auth.go:62.2,64.4 1 1
echo-book/controller/auth.go:40.42,44.3 1 0
echo-book/controller/auth.go:48.16,52.3 1 0
echo-book/controller/auth.go:56.17,60.3 1 1
echo-book/controller/auth.go:67.35,71.15 3 0
echo-book/controller/auth.go:78.2,82.4 2 0
echo-book/controller/auth.go:71.15,76.3 1 0
